
                            < M A T L A B (R) >
                  Copyright 1984-2018 The MathWorks, Inc.
                   R2018b (9.5.0.944444) 64-bit (glnxa64)
                              August 28, 2018

 
To get started, type doc.
For product information, visit www.mathworks.com.
 
Starting parallel pool (parpool) using the 'local' profile ...
[Warning: The system time zone setting, 'US/Mountain', does not specify a single
time zone unambiguously. It will be treated as 'America/Denver'. See the <a
href="matlab:doc('datetime.TimeZone')">datetime.TimeZone property</a> for
details about specifying time zones.] 
[> In verifyTimeZone (line 34)
  In datetime (line 543)
  In parallel.internal.cluster.DefaultProperties.getNewJobPropStruct (line 17)
  In parallel.internal.cluster.CJSSupport/buildJob (line 158)
  In parallel.cluster.CJSCluster/buildConcurrentJob (line 511)
  In parallel.Cluster/createConcurrentJob (line 1135)
  In parallel.internal.pool.InteractiveClient>iCreateCommunicatingJob (line 743)
  In parallel.internal.pool.InteractiveClient/start (line 329)
  In parallel.Pool>iStartClient (line 796)
  In parallel.Pool.hBuildPool (line 585)
  In parallel.internal.pool.doParpool (line 18)
  In parpool (line 98)
  In ga_script (line 4)
  In run (line 91)] 
connected to 24 workers.

                                  Best           Mean      Stall
Generation      Func-count        f(x)           f(x)    Generations
    1            20000          0.4417          0.5869        0
    2            30000          0.4417          0.5839        0
    3            40000          0.4264          0.5749        0
    4            50000          0.4263          0.5558        0
    5            60000          0.4108          0.5318        0
    6            70000          0.3948          0.5073        0
    7            80000          0.3743          0.4855        0
    8            90000          0.3624           0.466        0
    9           100000          0.3523           0.448        0
   10           110000          0.3231          0.4313        0
   11           120000          0.3222          0.4159        0
   12           130000          0.3154          0.4021        0
   13           140000          0.2906          0.3893        0
   14           150000          0.2866          0.3766        0
   15           160000          0.2851          0.3645        0
   16           170000          0.2813          0.3519        0
   17           180000          0.2806          0.3421        0
   18           190000          0.2773          0.3351        0
   19           200000          0.2762            0.33        0
   20           210000           0.276          0.3263        0
   21           220000           0.275          0.3234        0
   22           230000          0.2749          0.3214        0
   23           240000          0.2736          0.3197        0
   24           250000          0.2735          0.3178        0
   25           260000          0.2734          0.3177        0
   26           270000          0.2732          0.3172        0
   27           280000          0.2731          0.3167        0
   28           290000          0.2729          0.3161        0
   29           300000          0.2729          0.3155        0
   30           310000          0.2728          0.3157        0

                                  Best           Mean      Stall
Generation      Func-count        f(x)           f(x)    Generations
   31           320000          0.2728          0.3157        0
   32           330000          0.2727          0.3147        0
   33           340000          0.2727          0.3143        0
   34           350000          0.2727          0.3144        0
   35           360000          0.2727          0.3133        0
   36           370000          0.2726          0.3121        0
   37           380000          0.2726          0.3112        0
   38           390000          0.2725          0.3113        0
   39           400000          0.2725          0.3106        0
   40           410000          0.2725          0.3103        0
   41           420000          0.2725          0.3097        0
   42           430000          0.2724          0.3103        0
   43           440000          0.2724          0.3108        0
   44           450000          0.2724          0.3105        0
   45           460000          0.2724          0.3099        0
   46           470000          0.2724          0.3092        0
   47           480000          0.2723          0.3081        0
   48           490000          0.2723          0.3068        0
   49           500000          0.2723           0.305        0
   50           510000          0.2722          0.3032        0
Optimization terminated: maximum number of generations exceeded.

--------------------------------------------------------------------------------
       Segmentation violation detected at Mon Jul 08 17:31:27 2019 -0600
--------------------------------------------------------------------------------

Configuration:
  Crash Decoding           : Disabled - No sandbox or build area path
  Crash Mode               : continue (default)
  Default Encoding         : US-ASCII
  Deployed                 : false
  GNU C Library            : 2.17 stable
  Graphics Driver          : Unknown software 
  Java Version             : Java 1.8.0_152-b16 with Oracle Corporation Java HotSpot(TM) 64-Bit Server VM mixed mode
  MATLAB Architecture      : glnxa64
  MATLAB Entitlement ID    : 876801
  MATLAB Root              : /curc/sw/matlab/R2018b
  MATLAB Version           : 9.5.0.944444 (R2018b)
  OpenGL                   : software
  Operating System         : Linux 3.10.0-957.21.3.el7.x86_64 #1 SMP Tue Jun 18 16:35:19 UTC 2019 x86_64
  Process ID               : 137292
  Processor ID             : x86 Family 6 Model 63 Stepping 2, GenuineIntel
  Session Key              : 1db8a403-ddd6-4f86-87e3-382c1888d6e5
  Static TLS mitigation    : Disabled: Unable to open display
  Window System            : No active display

Fault Count: 1


Abnormal termination

Register State (from fault):
  RAX = 0000000000000000  RBX = 0000000000000000
  RCX = 00002b0e240005a8  RDX = 00002b0e1c018080
  RSP = 00002b0e23fff370  RBP = 00002b0e23fff3c0
  RSI = 00002b0e1c018080  RDI = 0000000000000000

   R8 = 00002b0e1c018080   R9 = 0000000000000000
  R10 = 00002b0df86e2600  R11 = 00002b103c00fd00
  R12 = 00002b0e23fff3e0  R13 = 00002b0e23fff380
  R14 = 00002b0f62487f30  R15 = 00002b0e1b502b30

  RIP = 00002b0f41a63641  EFL = 0000000000010246

   CS = 0033   FS = 0000   GS = 0000

Stack Trace (from fault):
[  0] 0x00002b0f41a63641                        bin/glnxa64/libmwhgutils.so+00620097 _ZN7hgutils17BaseObjectCOSInfo9getClientEv+00000001
[  1] 0x00002b0f410c076f                             bin/glnxa64/libmwhg.so+02504559
[  2] 0x00002b0f410dda38                             bin/glnxa64/libmwhg.so+02624056
[  3] 0x00002b0f410decb7                             bin/glnxa64/libmwhg.so+02628791
[  4] 0x00002b0f41132eb5                             bin/glnxa64/libmwhg.so+02973365
[  5] 0x00002b0f41231478                             bin/glnxa64/libmwhg.so+04015224
[  6] 0x00002b0f412920d9                             bin/glnxa64/libmwhg.so+04411609
[  7] 0x00002b0df7921a11                       bin/glnxa64/libmwservices.so+02996753
[  8] 0x00002b0df7922422                       bin/glnxa64/libmwservices.so+02999330
[  9] 0x00002b0df7922d3b                       bin/glnxa64/libmwservices.so+03001659 _Z25svWS_ProcessPendingEventsiib+00000187
[ 10] 0x00002b0e0a4ea32c                            bin/glnxa64/libmwmcr.so+00709420
[ 11] 0x00002b0e0a4eab08                            bin/glnxa64/libmwmcr.so+00711432
[ 12] 0x00002b0e0a4e2d92                            bin/glnxa64/libmwmcr.so+00679314
[ 13] 0x00002b0df9f21dd5                             /lib64/libpthread.so.0+00032213
[ 14] 0x00002b0df86a1ead                                   /lib64/libc.so.6+01040045 clone+00000109
[ 15] 0x0000000000000000                                   <unknown-module>+00000000

** This crash report has been saved to disk as /home/gabr0615/matlab_crash_dump.137292-1 **



MATLAB is exiting because of fatal error
/var/spool/slurmd/job2628826/slurm_script: line 20: 137292 Killed                  matlab -nodesktop -nodisplay -r 'clear; num_workers=$SLURM_NTASKS; run ga_script.m'
