
                            < M A T L A B (R) >
                  Copyright 1984-2018 The MathWorks, Inc.
                   R2018b (9.5.0.944444) 64-bit (glnxa64)
                              August 28, 2018

 
To get started, type doc.
For product information, visit www.mathworks.com.
 
Starting parallel pool (parpool) using the 'local' profile ...
[Warning: The system time zone setting, 'US/Mountain', does not specify a single
time zone unambiguously. It will be treated as 'America/Denver'. See the <a
href="matlab:doc('datetime.TimeZone')">datetime.TimeZone property</a> for
details about specifying time zones.] 
[> In verifyTimeZone (line 34)
  In datetime (line 543)
  In parallel.internal.cluster.DefaultProperties.getNewJobPropStruct (line 17)
  In parallel.internal.cluster.CJSSupport/buildJob (line 158)
  In parallel.cluster.CJSCluster/buildConcurrentJob (line 511)
  In parallel.Cluster/createConcurrentJob (line 1135)
  In parallel.internal.pool.InteractiveClient>iCreateCommunicatingJob (line 743)
  In parallel.internal.pool.InteractiveClient/start (line 329)
  In parallel.Pool>iStartClient (line 796)
  In parallel.Pool.hBuildPool (line 585)
  In parallel.internal.pool.doParpool (line 18)
  In parpool (line 98)
  In sim_ps (line 8)
  In run (line 91)] 
connected to 20 workers.

                                 Best            Mean     Stall
Iteration     f-count            f(x)            f(x)    Iterations
    0           10000       4.549e+04       4.559e+04        0
    1           20000       4.549e+04        4.56e+04        0
    2           30000       4.549e+04       4.557e+04        1
    3           40000       4.549e+04       4.558e+04        2
    4           50000       4.549e+04       4.557e+04        3
    5           60000       4.549e+04        4.56e+04        0
    6           70000       4.549e+04       4.556e+04        1
    7           80000       4.549e+04       4.557e+04        2
    8           90000       4.549e+04       4.558e+04        3
    9          100000       4.549e+04       4.559e+04        4
   10          110000       4.549e+04       4.558e+04        5
   11          120000       4.549e+04       4.558e+04        6
   12          130000       4.549e+04       4.557e+04        7
   13          140000       4.549e+04       4.557e+04        8
   14          150000       4.549e+04       4.559e+04        0
   15          160000       4.549e+04       4.559e+04        1
   16          170000       4.549e+04       4.557e+04        2
   17          180000       4.549e+04       4.559e+04        3
   18          190000       3.948e+04       4.557e+04        0
   19          200000       3.948e+04       4.557e+04        1
   20          210000       3.948e+04       4.557e+04        2
   21          220000       3.948e+04       4.558e+04        3
   22          230000       3.948e+04       4.557e+04        4
   23          240000       3.948e+04       4.558e+04        5
   24          250000       3.948e+04       4.557e+04        6
   25          260000       3.948e+04       4.557e+04        7
   26          270000       3.948e+04       4.559e+04        8
   27          280000       3.948e+04       4.559e+04        9
   28          290000       3.948e+04       4.557e+04       10
   29          300000       3.948e+04       4.556e+04       11
   30          310000       3.948e+04       4.558e+04       12

                                 Best            Mean     Stall
Iteration     f-count            f(x)            f(x)    Iterations
   31          320000       3.948e+04       4.558e+04       13
   32          330000       3.948e+04       4.559e+04       14
   33          340000       3.948e+04       4.558e+04       15
   34          350000       3.948e+04       4.558e+04       16
   35          360000       3.948e+04       4.558e+04       17
   36          370000       3.948e+04       4.556e+04       18
   37          380000       3.948e+04       4.558e+04       19
Optimization ended: relative change in the objective value 
over the last OPTIONS.MaxStallIterations iterations is less than OPTIONS.FunctionTolerance.
Parallel pool using the 'local' profile is shutting down.

--------------------------------------------------------------------------------
       Segmentation violation detected at Wed May 13 21:15:24 2020 -0600
--------------------------------------------------------------------------------

Configuration:
  Crash Decoding           : Disabled - No sandbox or build area path
  Crash Mode               : continue (default)
  Default Encoding         : US-ASCII
  Deployed                 : false
  GNU C Library            : 2.17 stable
  Graphics Driver          : Unknown software 
  Java Version             : Java 1.8.0_152-b16 with Oracle Corporation Java HotSpot(TM) 64-Bit Server VM mixed mode
  MATLAB Architecture      : glnxa64
  MATLAB Entitlement ID    : 876801
  MATLAB Root              : /curc/sw/matlab/R2018b
  MATLAB Version           : 9.5.0.944444 (R2018b)
  OpenGL                   : software
  Operating System         : Linux 3.10.0-957.21.3.el7.x86_64 #1 SMP Tue Jun 18 16:35:19 UTC 2019 x86_64
  Process ID               : 176388
  Processor ID             : x86 Family 6 Model 63 Stepping 2, GenuineIntel
  Session Key              : fa6f6a48-bfd8-47b7-be0f-6e82a3dfcb6f
  Static TLS mitigation    : Disabled: Unable to open display
  Window System            : No active display

Fault Count: 1


Abnormal termination

Register State (from fault):
  RAX = 0000000000000000  RBX = 0000000000000000
  RCX = 00002b32480005a8  RDX = 00002b3240017540
  RSP = 00002b3247fff370  RBP = 00002b3247fff3c0
  RSI = 00002b3240017540  RDI = 0000000000000000

   R8 = 00002b3240017540   R9 = 0000000000000000
  R10 = 00002b321dbdb340  R11 = 0000000000000005
  R12 = 00002b3247fff3e0  R13 = 00002b3247fff380
  R14 = 00002b34ae729140  R15 = 00002b3248bc4b30

  RIP = 00002b32e3b76641  EFL = 0000000000010246

   CS = 0033   FS = 0000   GS = 0000

Stack Trace (from fault):
[  0] 0x00002b32e3b76641                        bin/glnxa64/libmwhgutils.so+00620097 _ZN7hgutils17BaseObjectCOSInfo9getClientEv+00000001
[  1] 0x00002b32e826376f                             bin/glnxa64/libmwhg.so+02504559
[  2] 0x00002b32e8280a38                             bin/glnxa64/libmwhg.so+02624056
[  3] 0x00002b32e8281cb7                             bin/glnxa64/libmwhg.so+02628791
[  4] 0x00002b32e82d5eb5                             bin/glnxa64/libmwhg.so+02973365
[  5] 0x00002b32e83d4478                             bin/glnxa64/libmwhg.so+04015224
[  6] 0x00002b32e84350d9                             bin/glnxa64/libmwhg.so+04411609
[  7] 0x00002b321ce19a11                       bin/glnxa64/libmwservices.so+02996753
[  8] 0x00002b321ce1a422                       bin/glnxa64/libmwservices.so+02999330
[  9] 0x00002b321ce1ad3b                       bin/glnxa64/libmwservices.so+03001659 _Z25svWS_ProcessPendingEventsiib+00000187
[ 10] 0x00002b322f9e332c                            bin/glnxa64/libmwmcr.so+00709420
[ 11] 0x00002b322f9e3b08                            bin/glnxa64/libmwmcr.so+00711432
[ 12] 0x00002b322f9dbd92                            bin/glnxa64/libmwmcr.so+00679314
[ 13] 0x00002b321f41ae65                             /lib64/libpthread.so.0+00032357
[ 14] 0x00002b321db9a88d                                   /lib64/libc.so.6+01042573 clone+00000109
[ 15] 0x0000000000000000                                   <unknown-module>+00000000

** This crash report has been saved to disk as /home/gabr0615/matlab_crash_dump.176388-1 **



MATLAB is exiting because of fatal error
/var/spool/slurmd/job4728521/slurm_script: line 20: 176388 Killed                  matlab -nodesktop -nodisplay -r 'clear; num_workers=$SLURM_NTASKS; run sim_ps.m'
